Fatal Python error: non-string found in code slot
Python runtime state: initialized

Current thread 0x00007fe222900740 (most recent call first):
  File "<frozen importlib._bootstrap_external>", line 640 in _compile_bytecode
  File "<frozen importlib._bootstrap_external>", line 976 in get_code
  File "<frozen importlib._bootstrap_external>", line 844 in exec_module
  File "<frozen importlib._bootstrap>", line 671 in _load_unlocked
  File "<frozen importlib._bootstrap>", line 975 in _find_and_load_unlocked
  File "<frozen importlib._bootstrap>", line 991 in _find_and_load
  File "/usr/lib/python3/dist-packages/apport/report.py", line 13 in <module>
  File "<frozen importlib._bootstrap>", line 219 in _call_with_frames_removed
  File "<frozen importlib._bootstrap_external>", line 848 in exec_module
  File "<frozen importlib._bootstrap>", line 671 in _load_unlocked
  File "<frozen importlib._bootstrap>", line 975 in _find_and_load_unlocked
  File "<frozen importlib._bootstrap>", line 991 in _find_and_load
  File "/usr/lib/python3/dist-packages/apport/__init__.py", line 5 in <module>
  File "<frozen importlib._bootstrap>", line 219 in _call_with_frames_removed
  File "<frozen importlib._bootstrap_external>", line 848 in exec_module
  File "<frozen importlib._bootstrap>", line 671 in _load_unlocked
  File "<frozen importlib._bootstrap>", line 975 in _find_and_load_unlocked
  File "<frozen importlib._bootstrap>", line 991 in _find_and_load
  File "<frozen importlib._bootstrap>", line 219 in _call_with_frames_removed
  File "<frozen importlib._bootstrap>", line 961 in _find_and_load_unlocked
  File "<frozen importlib._bootstrap>", line 991 in _find_and_load
  File "/usr/lib/python3/dist-packages/apport_python_hook.py", line 72 in apport_excepthook
Fatal Python error: non-string found in code slot
Python runtime state: initialized

Current thread 0x00007f5d0d05c740 (most recent call first):
  File "<frozen importlib._bootstrap_external>", line 640 in _compile_bytecode
  File "<frozen importlib._bootstrap_external>", line 976 in get_code
  File "<frozen importlib._bootstrap_external>", line 844 in exec_module
  File "<frozen importlib._bootstrap>", line 671 in _load_unlocked
  File "<frozen importlib._bootstrap>", line 975 in _find_and_load_unlocked
  File "<frozen importlib._bootstrap>", line 991 in _find_and_load
  File "/usr/lib/python3/dist-packages/apport/report.py", line 13 in <module>
  File "<frozen importlib._bootstrap>", line 219 in _call_with_frames_removed
  File "<frozen importlib._bootstrap_external>", line 848 in exec_module
  File "<frozen importlib._bootstrap>", line 671 in _load_unlocked
  File "<frozen importlib._bootstrap>", line 975 in _find_and_load_unlocked
  File "<frozen importlib._bootstrap>", line 991 in _find_and_load
  File "/usr/lib/python3/dist-packages/apport/__init__.py", line 5 in <module>
  File "<frozen importlib._bootstrap>", line 219 in _call_with_frames_removed
  File "<frozen importlib._bootstrap_external>", line 848 in exec_module
  File "<frozen importlib._bootstrap>", line 671 in _load_unlocked
  File "<frozen importlib._bootstrap>", line 975 in _find_and_load_unlocked
  File "<frozen importlib._bootstrap>", line 991 in _find_and_load
  File "<frozen importlib._bootstrap>", line 219 in _call_with_frames_removed
  File "<frozen importlib._bootstrap>", line 961 in _find_and_load_unlocked
  File "<frozen importlib._bootstrap>", line 991 in _find_and_load
  File "/usr/lib/python3/dist-packages/apport_python_hook.py", line 72 in apport_excepthook
